Filename                       Regions    Missed Regions     Cover   Functions  Missed Functions  Executed       Lines      Missed Lines     Cover    Branches   Missed Branches     Cover
------------------------------------------------------------------------------------------------------------------------------------------------------------------------------------------
browser_shell/src/types.rs         426                 4    99.06%          25                 0   100.00%         219                 2    99.09%           0                 0         -
message_bus/src/types.rs           112                39    65.18%           9                 4    55.56%          85                32    62.35%           0                 0         -
------------------------------------------------------------------------------------------------------------------------------------------------------------------------------------------
TOTAL                              538                43    92.01%          34                 4    88.24%         304                34    88.82%           0                 0         -